[2022/02/06 17:05:53] - Namespace(alpha=2, attack_iters=7, batch_size=128, data_dir='../../cifar-data', delta_init='random', epochs=20, epsilon=8, eval=False, loss_scale='1.0', lr_max=0.2, lr_min=0.0, lr_schedule='cyclic', master_weights=False, momentum=0.9, opt_level='O2', out_dir='pgd_8', restarts=1, seed=0, weight_decay=0.0005)
[2022/02/06 17:05:56] - Epoch 	 Seconds 	 LR 	 	 Train Loss 	 Train Acc
[2022/02/06 17:09:14] - 0 	 198.4 	 	 0.0200 	 2.2318 	 0.1683
[2022/02/06 17:12:31] - 1 	 197.1 	 	 0.0400 	 1.9898 	 0.2490
[2022/02/06 17:15:48] - 2 	 197.2 	 	 0.0600 	 1.9081 	 0.2788
[2022/02/06 17:19:06] - 3 	 197.2 	 	 0.0800 	 1.8354 	 0.3039
[2022/02/06 17:22:23] - 4 	 197.3 	 	 0.1000 	 1.7684 	 0.3307
[2022/02/06 17:25:40] - 5 	 197.3 	 	 0.1200 	 1.7104 	 0.3536
[2022/02/06 17:28:58] - 6 	 197.3 	 	 0.1400 	 1.6708 	 0.3663
[2022/02/06 17:32:15] - 7 	 197.2 	 	 0.1600 	 1.6354 	 0.3801
[2022/02/06 17:35:32] - 8 	 197.1 	 	 0.1800 	 1.6110 	 0.3899
[2022/02/06 17:38:49] - 9 	 197.1 	 	 0.2000 	 1.5872 	 0.3975
[2022/02/06 17:42:06] - 10 	 197.1 	 	 0.1800 	 1.5624 	 0.4072
[2022/02/06 17:45:23] - 11 	 197.2 	 	 0.1600 	 1.5335 	 0.4169
[2022/02/06 17:48:40] - 12 	 197.1 	 	 0.1400 	 1.5125 	 0.4272
[2022/02/06 17:51:58] - 13 	 197.3 	 	 0.1200 	 1.4862 	 0.4320
[2022/02/06 17:55:15] - 14 	 197.3 	 	 0.1000 	 1.4596 	 0.4426
[2022/02/06 17:58:32] - 15 	 197.4 	 	 0.0800 	 1.4336 	 0.4532
[2022/02/06 18:01:50] - 16 	 197.3 	 	 0.0600 	 1.3959 	 0.4675
[2022/02/06 18:05:07] - 17 	 197.3 	 	 0.0400 	 1.3510 	 0.4827
[2022/02/06 18:08:24] - 18 	 197.2 	 	 0.0200 	 1.2914 	 0.5019
[2022/02/06 18:11:41] - 19 	 197.2 	 	 0.0000 	 1.2055 	 0.5335
[2022/02/06 18:11:42] - Total train time: 65.7597 minutes
[2022/02/06 18:52:38] - Test Loss 	 Test Acc 	 PGD Loss 	 PGD Acc
[2022/02/06 18:52:38] - 0.7360 	 	 0.7748 	 1.0341 	 0.4922
