[2022/02/09 04:22:09] - Namespace(alpha=16.0, batch_size=128, data_dir='../../cifar-data', delta_init='random', early_stop=True, epochs=30, epsilon=8, loss_scale='1.0', lr_max=0.2, lr_min=0.0, lr_schedule='cyclic', master_weights=False, momentum=0.9, opt_level='O2', out_dir='FGSM_DB/random_init_alpha16_early', seed=0, test_interval=10, weight_decay=0.0005)
[2022/02/09 04:22:11] - Epoch 	 Seconds 	 LR 	 	 Train Loss 	 Train Acc
[2022/02/09 04:22:58] - Epoch 	 Test Loss 	 Test Acc 	 PGD Loss 	 PGD Acc
[2022/02/09 04:22:58] - 0 	 1.7580 	 	 0.3413 	 1.8205 	 0.2554
[2022/02/09 04:22:58] - 0 	 47.6 	 	 0.0133 	 2.2263 	 0.1556
[2022/02/09 04:23:27] - 1 	 28.9 	 	 0.0267 	 1.9871 	 0.2475
[2022/02/09 04:23:56] - 2 	 28.8 	 	 0.0400 	 1.9075 	 0.2752
[2022/02/09 04:24:25] - 3 	 29.1 	 	 0.0533 	 1.8380 	 0.2999
[2022/02/09 04:24:54] - 4 	 29.1 	 	 0.0667 	 1.7674 	 0.3296
[2022/02/09 04:25:23] - 5 	 29.1 	 	 0.0800 	 1.7108 	 0.3473
[2022/02/09 04:25:52] - 6 	 28.7 	 	 0.0933 	 1.6557 	 0.3686
[2022/02/09 04:26:20] - 7 	 28.1 	 	 0.1067 	 1.6163 	 0.3846
[2022/02/09 04:26:49] - 8 	 28.9 	 	 0.1200 	 1.5786 	 0.3971
[2022/02/09 04:27:16] - 9 	 26.8 	 	 0.1333 	 1.5502 	 0.4063
[2022/02/09 04:28:00] - Epoch 	 Test Loss 	 Test Acc 	 PGD Loss 	 PGD Acc
[2022/02/09 04:28:00] - 10 	 1.0241 	 	 0.6764 	 1.2316 	 0.4488
[2022/02/09 04:28:00] - 10 	 43.8 	 	 0.1467 	 1.5243 	 0.4159
[2022/02/09 04:28:29] - 11 	 28.9 	 	 0.1600 	 1.5047 	 0.4235
[2022/02/09 04:28:57] - 12 	 28.5 	 	 0.1733 	 1.4882 	 0.4271
[2022/02/09 04:29:25] - 13 	 27.6 	 	 0.1867 	 1.4811 	 0.4332
[2022/02/09 04:29:53] - 14 	 28.4 	 	 0.2000 	 1.4730 	 0.4366
[2022/02/09 04:30:21] - 15 	 28.1 	 	 0.1867 	 1.4569 	 0.4407
[2022/02/09 04:30:49] - 16 	 28.0 	 	 0.1733 	 1.4451 	 0.4430
[2022/02/09 04:31:18] - 17 	 28.3 	 	 0.1600 	 1.4257 	 0.4498
[2022/02/09 04:31:46] - 18 	 28.3 	 	 0.1467 	 1.4061 	 0.4568
[2022/02/09 04:32:14] - Total train time: 10.0578 minutes
[2022/02/09 05:01:55] - Test Loss 	 Test Acc 	 PGD Loss 	 PGD Acc
[2022/02/09 05:01:55] - 0.9326 	 	 0.6979 	 1.2352 	 0.3906
