[2022/02/09 02:43:02] - Namespace(alpha=10, batch_size=128, data_dir='../../cifar-data', delta_init='zero', early_stop=True, epochs=30, epsilon=8, loss_scale='1.0', lr_max=0.2, lr_min=0.0, lr_schedule='cyclic', master_weights=False, momentum=0.9, opt_level='O2', out_dir='FGSM_DB/zero_init_early', seed=0, test_interval=10, weight_decay=0.0005)
[2022/02/09 02:43:04] - Epoch 	 Seconds 	 LR 	 	 Train Loss 	 Train Acc
[2022/02/09 02:43:47] - Epoch 	 Test Loss 	 Test Acc 	 PGD Loss 	 PGD Acc
[2022/02/09 02:43:47] - 0 	 1.7662 	 	 0.3390 	 1.8270 	 0.2541
[2022/02/09 02:43:47] - 0 	 43.1 	 	 0.0133 	 2.2361 	 0.1536
[2022/02/09 02:44:17] - 1 	 30.4 	 	 0.0267 	 1.9905 	 0.2461
[2022/02/09 02:44:47] - 2 	 29.3 	 	 0.0400 	 1.9118 	 0.2718
[2022/02/09 02:45:16] - 3 	 29.0 	 	 0.0533 	 1.8428 	 0.2983
[2022/02/09 02:45:45] - 4 	 28.9 	 	 0.0667 	 1.7740 	 0.3266
[2022/02/09 02:46:14] - 5 	 29.1 	 	 0.0800 	 1.7179 	 0.3456
[2022/02/09 02:46:43] - 6 	 29.0 	 	 0.0933 	 1.6636 	 0.3650
[2022/02/09 02:47:10] - 7 	 27.2 	 	 0.1067 	 1.6241 	 0.3817
[2022/02/09 02:47:36] - 8 	 26.4 	 	 0.1200 	 1.5858 	 0.3952
[2022/02/09 02:48:03] - 9 	 26.5 	 	 0.1333 	 1.5575 	 0.4030
[2022/02/09 02:48:43] - Epoch 	 Test Loss 	 Test Acc 	 PGD Loss 	 PGD Acc
[2022/02/09 02:48:43] - 10 	 1.0278 	 	 0.6768 	 1.2357 	 0.4504
[2022/02/09 02:48:43] - 10 	 39.7 	 	 0.1467 	 1.5311 	 0.4109
[2022/02/09 02:49:08] - 11 	 25.6 	 	 0.1600 	 1.5104 	 0.4200
[2022/02/09 02:49:34] - 12 	 26.1 	 	 0.1733 	 1.4911 	 0.4269
[2022/02/09 02:50:00] - 13 	 26.1 	 	 0.1867 	 1.4743 	 0.4359
[2022/02/09 02:50:27] - Total train time: 7.3723 minutes
[2022/02/09 03:20:14] - Test Loss 	 Test Acc 	 PGD Loss 	 PGD Acc
[2022/02/09 03:20:14] - 1.0184 	 	 0.6709 	 1.3169 	 0.3729
