[2022/02/09 05:02:03] - Namespace(alpha=8.0, batch_size=128, data_dir='../../cifar-data', delta_init='zero', early_stop=False, epochs=30, epsilon=8, loss_scale='1.0', lr_max=0.2, lr_min=0.0, lr_schedule='cyclic', master_weights=False, momentum=0.9, opt_level='O2', out_dir='FGSM_DB/zero_init_plot', seed=0, test_interval=1, weight_decay=0.0005)
[2022/02/09 05:02:04] - Epoch 	 Seconds 	 LR 	 	 Train Loss 	 Train Acc
[2022/02/09 05:02:50] - Epoch 	 Test Loss 	 Test Acc 	 PGD Loss 	 PGD Acc
[2022/02/09 05:02:50] - 0 	 1.7777 	 	 0.3358 	 1.8377 	 0.2490
[2022/02/09 05:02:50] - 0 	 46.0 	 	 0.0133 	 2.2361 	 0.1536
[2022/02/09 05:03:34] - Epoch 	 Test Loss 	 Test Acc 	 PGD Loss 	 PGD Acc
[2022/02/09 05:03:34] - 1 	 1.6132 	 	 0.4210 	 1.6875 	 0.2958
[2022/02/09 05:03:34] - 1 	 44.0 	 	 0.0267 	 1.9905 	 0.2461
[2022/02/09 05:04:17] - Epoch 	 Test Loss 	 Test Acc 	 PGD Loss 	 PGD Acc
[2022/02/09 05:04:17] - 2 	 1.5459 	 	 0.4478 	 1.6372 	 0.2865
[2022/02/09 05:04:17] - 2 	 42.9 	 	 0.0400 	 1.9118 	 0.2747
[2022/02/09 05:04:58] - Epoch 	 Test Loss 	 Test Acc 	 PGD Loss 	 PGD Acc
[2022/02/09 05:04:58] - 3 	 1.4139 	 	 0.4681 	 1.5206 	 0.3213
[2022/02/09 05:04:58] - 3 	 40.3 	 	 0.0533 	 1.8478 	 0.2999
[2022/02/09 05:05:41] - Epoch 	 Test Loss 	 Test Acc 	 PGD Loss 	 PGD Acc
[2022/02/09 05:05:41] - 4 	 1.3726 	 	 0.5128 	 1.5003 	 0.3385
[2022/02/09 05:05:41] - 4 	 43.1 	 	 0.0667 	 1.7809 	 0.3226
[2022/02/09 05:06:22] - Epoch 	 Test Loss 	 Test Acc 	 PGD Loss 	 PGD Acc
[2022/02/09 05:06:22] - 5 	 1.2303 	 	 0.5473 	 1.3749 	 0.3747
[2022/02/09 05:06:22] - 5 	 41.2 	 	 0.0800 	 1.7159 	 0.3457
[2022/02/09 05:07:05] - Epoch 	 Test Loss 	 Test Acc 	 PGD Loss 	 PGD Acc
[2022/02/09 05:07:05] - 6 	 1.2079 	 	 0.5706 	 1.3613 	 0.3716
[2022/02/09 05:07:05] - 6 	 42.8 	 	 0.0933 	 1.6636 	 0.3646
[2022/02/09 05:07:48] - Epoch 	 Test Loss 	 Test Acc 	 PGD Loss 	 PGD Acc
[2022/02/09 05:07:48] - 7 	 1.1284 	 	 0.5954 	 1.2974 	 0.4127
[2022/02/09 05:07:48] - 7 	 43.2 	 	 0.1067 	 1.6186 	 0.3798
[2022/02/09 05:08:31] - Epoch 	 Test Loss 	 Test Acc 	 PGD Loss 	 PGD Acc
[2022/02/09 05:08:31] - 8 	 1.1153 	 	 0.6235 	 1.3000 	 0.4018
[2022/02/09 05:08:31] - 8 	 43.0 	 	 0.1200 	 1.5857 	 0.3940
[2022/02/09 05:09:15] - Epoch 	 Test Loss 	 Test Acc 	 PGD Loss 	 PGD Acc
[2022/02/09 05:09:15] - 9 	 1.1026 	 	 0.6495 	 1.2855 	 0.4225
[2022/02/09 05:09:15] - 9 	 43.9 	 	 0.1333 	 1.5584 	 0.4033
[2022/02/09 05:09:58] - Epoch 	 Test Loss 	 Test Acc 	 PGD Loss 	 PGD Acc
[2022/02/09 05:09:58] - 10 	 1.0938 	 	 0.6216 	 1.2855 	 0.4081
[2022/02/09 05:09:58] - 10 	 42.6 	 	 0.1467 	 1.5348 	 0.4121
[2022/02/09 05:10:40] - Epoch 	 Test Loss 	 Test Acc 	 PGD Loss 	 PGD Acc
[2022/02/09 05:10:40] - 11 	 1.0527 	 	 0.6534 	 1.2619 	 0.4365
[2022/02/09 05:10:40] - 11 	 42.2 	 	 0.1600 	 1.5112 	 0.4213
[2022/02/09 05:11:23] - Epoch 	 Test Loss 	 Test Acc 	 PGD Loss 	 PGD Acc
[2022/02/09 05:11:23] - 12 	 1.0188 	 	 0.6886 	 1.2438 	 0.4422
[2022/02/09 05:11:23] - 12 	 43.1 	 	 0.1733 	 1.4865 	 0.4304
[2022/02/09 05:12:05] - Epoch 	 Test Loss 	 Test Acc 	 PGD Loss 	 PGD Acc
[2022/02/09 05:12:05] - 13 	 1.0421 	 	 0.6808 	 1.2685 	 0.4326
[2022/02/09 05:12:05] - 13 	 42.5 	 	 0.1867 	 1.4670 	 0.4373
[2022/02/09 05:12:49] - Epoch 	 Test Loss 	 Test Acc 	 PGD Loss 	 PGD Acc
[2022/02/09 05:12:49] - 14 	 1.0331 	 	 0.6698 	 1.2395 	 0.4493
[2022/02/09 05:12:49] - 14 	 43.4 	 	 0.2000 	 1.4433 	 0.4502
[2022/02/09 05:13:33] - Epoch 	 Test Loss 	 Test Acc 	 PGD Loss 	 PGD Acc
[2022/02/09 05:13:33] - 15 	 0.8957 	 	 0.6903 	 1.2902 	 0.2912
[2022/02/09 05:13:33] - 15 	 44.6 	 	 0.1867 	 1.4201 	 0.4612
[2022/02/09 05:14:17] - Epoch 	 Test Loss 	 Test Acc 	 PGD Loss 	 PGD Acc
[2022/02/09 05:14:17] - 16 	 1.1267 	 	 0.6584 	 3.4357 	 0.0950
[2022/02/09 05:14:17] - 16 	 44.0 	 	 0.1733 	 0.7482 	 0.7419
[2022/02/09 05:14:56] - Epoch 	 Test Loss 	 Test Acc 	 PGD Loss 	 PGD Acc
[2022/02/09 05:14:56] - 17 	 1.1541 	 	 0.6447 	 4.4504 	 0.0752
[2022/02/09 05:14:56] - 17 	 39.0 	 	 0.1600 	 0.4799 	 0.8437
[2022/02/09 05:15:38] - Epoch 	 Test Loss 	 Test Acc 	 PGD Loss 	 PGD Acc
[2022/02/09 05:15:38] - 18 	 0.8813 	 	 0.7151 	 4.0055 	 0.0762
[2022/02/09 05:15:38] - 18 	 41.3 	 	 0.1467 	 0.3831 	 0.8769
[2022/02/09 05:16:21] - Epoch 	 Test Loss 	 Test Acc 	 PGD Loss 	 PGD Acc
[2022/02/09 05:16:21] - 19 	 1.0249 	 	 0.6944 	 4.4809 	 0.0975
[2022/02/09 05:16:21] - 19 	 43.5 	 	 0.1333 	 0.4909 	 0.8367
[2022/02/09 05:17:05] - Epoch 	 Test Loss 	 Test Acc 	 PGD Loss 	 PGD Acc
[2022/02/09 05:17:05] - 20 	 1.0545 	 	 0.7156 	 4.1855 	 0.1788
[2022/02/09 05:17:05] - 20 	 43.6 	 	 0.1200 	 0.2839 	 0.9105
[2022/02/09 05:17:48] - Epoch 	 Test Loss 	 Test Acc 	 PGD Loss 	 PGD Acc
[2022/02/09 05:17:48] - 21 	 0.9401 	 	 0.7200 	 4.0500 	 0.1406
[2022/02/09 05:17:48] - 21 	 43.2 	 	 0.1067 	 0.2732 	 0.9143
[2022/02/09 05:18:31] - Epoch 	 Test Loss 	 Test Acc 	 PGD Loss 	 PGD Acc
[2022/02/09 05:18:31] - 22 	 0.9639 	 	 0.7264 	 4.9847 	 0.1579
[2022/02/09 05:18:31] - 22 	 43.3 	 	 0.0933 	 0.2525 	 0.9199
[2022/02/09 05:19:13] - Epoch 	 Test Loss 	 Test Acc 	 PGD Loss 	 PGD Acc
[2022/02/09 05:19:13] - 23 	 0.9535 	 	 0.7059 	 4.1671 	 0.1535
[2022/02/09 05:19:13] - 23 	 42.0 	 	 0.0800 	 0.2463 	 0.9207
[2022/02/09 05:19:56] - Epoch 	 Test Loss 	 Test Acc 	 PGD Loss 	 PGD Acc
[2022/02/09 05:19:56] - 24 	 0.8990 	 	 0.7339 	 4.8777 	 0.1555
[2022/02/09 05:19:56] - 24 	 43.2 	 	 0.0667 	 0.2180 	 0.9302
[2022/02/09 05:20:40] - Epoch 	 Test Loss 	 Test Acc 	 PGD Loss 	 PGD Acc
[2022/02/09 05:20:40] - 25 	 0.8031 	 	 0.7678 	 4.7631 	 0.2305
[2022/02/09 05:20:40] - 25 	 43.3 	 	 0.0533 	 0.2021 	 0.9345
[2022/02/09 05:21:23] - Epoch 	 Test Loss 	 Test Acc 	 PGD Loss 	 PGD Acc
[2022/02/09 05:21:23] - 26 	 0.7358 	 	 0.7876 	 4.2770 	 0.2442
[2022/02/09 05:21:23] - 26 	 43.0 	 	 0.0400 	 0.1769 	 0.9432
[2022/02/09 05:22:05] - Epoch 	 Test Loss 	 Test Acc 	 PGD Loss 	 PGD Acc
[2022/02/09 05:22:05] - 27 	 0.6803 	 	 0.7981 	 4.2610 	 0.2405
[2022/02/09 05:22:05] - 27 	 42.5 	 	 0.0267 	 0.1603 	 0.9486
[2022/02/09 05:22:49] - Epoch 	 Test Loss 	 Test Acc 	 PGD Loss 	 PGD Acc
[2022/02/09 05:22:49] - 28 	 0.6346 	 	 0.8196 	 3.9833 	 0.3085
[2022/02/09 05:22:49] - 28 	 43.6 	 	 0.0133 	 0.1168 	 0.9632
[2022/02/09 05:23:33] - Epoch 	 Test Loss 	 Test Acc 	 PGD Loss 	 PGD Acc
[2022/02/09 05:23:33] - 29 	 0.5379 	 	 0.8429 	 3.8429 	 0.3525
[2022/02/09 05:23:33] - 29 	 44.0 	 	 0.0000 	 0.0859 	 0.9727
[2022/02/09 05:23:33] - Total train time: 21.4697 minutes
[2022/02/09 05:27:13] - Test Loss 	 Test Acc 	 PGD Loss 	 PGD Acc
[2022/02/09 05:27:13] - 0.5379 	 	 0.8432 	 7.6222 	 0.0000
